build/app/outputs/mapping/release/mapping.txt
# compiler: R8
# compiler_version: 1.5.64
# min_api: 16
# pg_map_id: b649649
com.example.watsonapp.MainActivity -> com.example.watsonapp.MainActivity:
    void configureFlutterEngine(io.flutter.embedding.engine.FlutterEngine) -> a
...
androidx.arch.core.internal.SafeIterableMap$Entry -> a.a.a.a.b$c:
    androidx.arch.core.internal.SafeIterableMap$Entry mNext -> a
    androidx.arch.core.internal.SafeIterableMap$Entry mPrevious -> b
androidx.arch.core.internal.SafeIterableMap$IteratorWithAdditions -> a.a.a.a.b$d:
    androidx.arch.core.internal.SafeIterableMap$Entry mCurrent -> a
    androidx.arch.core.internal.SafeIterableMap this$0 -> c
    boolean mBeforeStart -> b
androidx.arch.core.internal.SafeIterableMap$ListIterator -> a.a.a.a.b$e:
    androidx.arch.core.internal.SafeIterableMap$Entry mExpectedEnd -> a
    androidx.arch.core.internal.SafeIterableMap$Entry mNext -> b
    androidx.arch.core.internal.SafeIterableMap$Entry forward(androidx.arch.core.internal.SafeIterableMap$Entry) -> a
    androidx.arch.core.internal.SafeIterableMap$Entry nextNode() -> a
androidx.arch.core.internal.SafeIterableMap$SupportRemove -> a.a.a.a.b$f:
androidx.core.app.CoreComponentFactory -> androidx.core.app.CoreComponentFactory:
    java.lang.Object checkCompatWrapper(java.lang.Object) -> a
androidx.core.app.CoreComponentFactory$CompatWrapped -> androidx.core.app.CoreComponentFactory$a:
    java.lang.Object getWrapper() -> a
androidx.core.graphics.drawable.IconCompat -> androidx.core.graphics.drawable.IconCompat:
    android.graphics.PorterDuff$Mode DEFAULT_TINT_MODE -> j
    java.lang.String mTintModeStr -> i
    android.graphics.PorterDuff$Mode mTintMode -> h
    android.os.Parcelable mParcelable -> d
    java.lang.Object mObj1 -> b
    int mInt2 -> f
    android.content.res.ColorStateList mTintList -> g
    int mInt1 -> e
    byte[] mData -> c
    int mType -> a
    int getResId() -> a
    int getResId(android.graphics.drawable.Icon) -> a
    void onPreParceling(boolean) -> a
    java.lang.String typeToString(int) -> a
    java.lang.String getResPackage() -> b
    java.lang.String getResPackage(android.graphics.drawable.Icon) -> b
    void onPostParceling() -> c
androidx.lifecycle.ClassesInfoCache$CallbackInfo -> androidx.lifecycle.a:
    void invokeCallbacks(androidx.lifecycle.LifecycleOwner,androidx.lifecycle.Lifecycle$Event,java.lang.Object) -> a
androidx.lifecycle.CompositeGeneratedAdaptersObserver -> androidx.lifecycle.CompositeGeneratedAdaptersObserver:
    androidx.lifecycle.GeneratedAdapter[] mGeneratedAdapters -> a
    void onStateChanged(androidx.lifecycle.LifecycleOwner,androidx.lifecycle.Lifecycle$Event) -> a
androidx.lifecycle.FullLifecycleObserver -> androidx.lifecycle.b:
    void onStart(androidx.lifecycle.LifecycleOwner) -> a
    void onResume(androidx.lifecycle.LifecycleOwner) -> b
    void onPause(androidx.lifecycle.LifecycleOwner) -> c
    void onDestroy(androidx.lifecycle.LifecycleOwner) -> d
    void onStop(androidx.lifecycle.LifecycleOwner) -> e
    void onCreate(androidx.lifecycle.LifecycleOwner) -> f
androidx.lifecycle.FullLifecycleObserverAdapter -> androidx.lifecycle.FullLifecycleObserverAdapter:
    androidx.lifecycle.FullLifecycleObserver mObserver -> a
    void onStateChanged(androidx.lifecycle.LifecycleOwner,androidx.lifecycle.Lifecycle$Event) -> a
androidx.lifecycle.FullLifecycleObserverAdapter$1 -> androidx.lifecycle.FullLifecycleObserverAdapter$a:
    int[] $SwitchMap$androidx$lifecycle$Lifecycle$Event -> a
androidx.lifecycle.GeneratedAdapter -> androidx.lifecycle.c:
    void callMethods(androidx.lifecycle.LifecycleOwner,androidx.lifecycle.Lifecycle$Event,boolean,androidx.lifecycle.MethodCallsLogger) -> a
androidx.lifecycle.GenericLifecycleObserver -> androidx.lifecycle.d:
    void onStateChanged(androidx.lifecycle.LifecycleOwner,androidx.lifecycle.Lifecycle$Event) -> a
androidx.lifecycle.Lifecycle -> androidx.lifecycle.e:
    androidx.lifecycle.Lifecycle$State getCurrentState() -> a
androidx.lifecycle.Lifecycle$Event -> androidx.lifecycle.e$a: